0 info it worked if it ends with ok
1 verbose cli [ '/usr/local/bin/node', '/usr/local/bin/npm', 'start' ]
2 info using npm@3.3.12
3 info using node@v5.2.0
4 verbose run-script [ 'prestart', 'start', 'poststart' ]
5 info lifecycle zocdoc-ex@0.0.1~prestart: zocdoc-ex@0.0.1
6 verbose lifecycle zocdoc-ex@0.0.1~prestart: unsafe-perm in lifecycle true
7 verbose lifecycle zocdoc-ex@0.0.1~prestart: PATH: /usr/local/lib/node_modules/npm/bin/node-gyp-bin:/Users/mirit/dev/react-ex/node_modules/.bin:/usr/local/heroku/bin:/usr/bin:/bin:/usr/sbin:/sbin:/usr/local/bin
8 verbose lifecycle zocdoc-ex@0.0.1~prestart: CWD: /Users/mirit/dev/react-ex
9 silly lifecycle zocdoc-ex@0.0.1~prestart: Args: [ '-c', 'webpack' ]
10 silly lifecycle zocdoc-ex@0.0.1~prestart: Returned: code: 0  signal: null
11 info lifecycle zocdoc-ex@0.0.1~start: zocdoc-ex@0.0.1
12 verbose lifecycle zocdoc-ex@0.0.1~start: unsafe-perm in lifecycle true
13 verbose lifecycle zocdoc-ex@0.0.1~start: PATH: /usr/local/lib/node_modules/npm/bin/node-gyp-bin:/Users/mirit/dev/react-ex/node_modules/.bin:/usr/local/heroku/bin:/usr/bin:/bin:/usr/sbin:/sbin:/usr/local/bin
14 verbose lifecycle zocdoc-ex@0.0.1~start: CWD: /Users/mirit/dev/react-ex
15 silly lifecycle zocdoc-ex@0.0.1~start: Args: [ '-c', 'node app-server.js' ]
16 silly lifecycle zocdoc-ex@0.0.1~start: Returned: code: 1  signal: null
17 info lifecycle zocdoc-ex@0.0.1~start: Failed to exec start script
18 verbose stack Error: zocdoc-ex@0.0.1 start: `node app-server.js`
18 verbose stack Exit status 1
18 verbose stack     at EventEmitter.<anonymous> (/usr/local/lib/node_modules/npm/lib/utils/lifecycle.js:232:16)
18 verbose stack     at emitTwo (events.js:88:13)
18 verbose stack     at EventEmitter.emit (events.js:173:7)
18 verbose stack     at ChildProcess.<anonymous> (/usr/local/lib/node_modules/npm/lib/utils/spawn.js:24:14)
18 verbose stack     at emitTwo (events.js:88:13)
18 verbose stack     at ChildProcess.emit (events.js:173:7)
18 verbose stack     at maybeClose (internal/child_process.js:819:16)
18 verbose stack     at Process.ChildProcess._handle.onexit (internal/child_process.js:212:5)
19 verbose pkgid zocdoc-ex@0.0.1
20 verbose cwd /Users/mirit/dev/react-ex
21 error Darwin 13.4.0
22 error argv "/usr/local/bin/node" "/usr/local/bin/npm" "start"
23 error node v5.2.0
24 error npm  v3.3.12
25 error code ELIFECYCLE
26 error zocdoc-ex@0.0.1 start: `node app-server.js`
26 error Exit status 1
27 error Failed at the zocdoc-ex@0.0.1 start script 'node app-server.js'.
27 error Make sure you have the latest version of node.js and npm installed.
27 error If you do, this is most likely a problem with the zocdoc-ex package,
27 error not with npm itself.
27 error Tell the author that this fails on your system:
27 error     node app-server.js
27 error You can get their info via:
27 error     npm owner ls zocdoc-ex
27 error There is likely additional logging output above.
28 verbose exit [ 1, true ]
